{
  message: 'database is connected successfully',
  level: 'info',
  label: 'PH',
  timestamp: '2023-07-22T16:36:46.035Z'
}
{
  message: 'Example app listening on port 5000',
  level: 'info',
  label: 'PH',
  timestamp: '2023-07-22T16:36:46.045Z'
}
{
  message: 'database is connected successfully',
  level: 'info',
  label: 'PH',
  timestamp: '2023-07-22T16:41:45.428Z'
}
{
  message: 'Example app listening on port 5000',
  level: 'info',
  label: 'PH',
  timestamp: '2023-07-22T16:41:45.440Z'
}
{
  message: 'database is connected successfully',
  level: 'info',
  label: 'PH',
  timestamp: '2023-07-22T16:42:28.992Z'
}
{
  message: 'Example app listening on port 5000',
  level: 'info',
  label: 'PH',
  timestamp: '2023-07-22T16:42:29.008Z'
}
{
  message: 'database is connected successfully',
  level: 'info',
  label: 'PH',
  timestamp: '2023-07-22T16:43:15.910Z'
}
{
  message: 'Example app listening on port 5000',
  level: 'info',
  label: 'PH',
  timestamp: '2023-07-22T16:43:15.918Z'
}
{
  message: 'database is connected successfully',
  level: 'info',
  label: 'PH',
  timestamp: '2023-07-22T16:44:06.689Z'
}
{
  message: 'Example app listening on port 5000',
  level: 'info',
  label: 'PH',
  timestamp: '2023-07-22T16:44:06.702Z'
}
