{
  message: 'database is connected successfully',
  level: 'info',
  label: 'PH',
  timestamp: '2023-07-22T23:51:53.426Z'
}
{
  message: 'Example app listening on port 5000',
  level: 'info',
  label: 'PH',
  timestamp: '2023-07-22T23:51:53.467Z'
}
{
  message: 'database is connected successfully',
  level: 'info',
  label: 'PH',
  timestamp: '2023-07-22T23:53:10.212Z'
}
{
  message: 'Example app listening on port 5000',
  level: 'info',
  label: 'PH',
  timestamp: '2023-07-22T23:53:10.228Z'
}
