{
  message: 'database is connected successfully',
  level: 'info',
  label: 'PH',
  timestamp: '2023-07-25T12:00:09.162Z'
}
{
  message: 'Example app listening on port 5000',
  level: 'info',
  label: 'PH',
  timestamp: '2023-07-25T12:00:09.175Z'
}
{
  message: 'database is connected successfully',
  level: 'info',
  label: 'PH',
  timestamp: '2023-07-25T12:00:35.229Z'
}
{
  message: 'Example app listening on port 5000',
  level: 'info',
  label: 'PH',
  timestamp: '2023-07-25T12:00:35.243Z'
}
{
  message: 'database is connected successfully',
  level: 'info',
  label: 'PH',
  timestamp: '2023-07-25T12:01:49.759Z'
}
{
  message: 'Example app listening on port 5000',
  level: 'info',
  label: 'PH',
  timestamp: '2023-07-25T12:01:49.767Z'
}
{
  message: 'database is connected successfully',
  level: 'info',
  label: 'PH',
  timestamp: '2023-07-25T12:03:13.636Z'
}
{
  message: 'Example app listening on port 5000',
  level: 'info',
  label: 'PH',
  timestamp: '2023-07-25T12:03:13.645Z'
}
{
  message: 'database is connected successfully',
  level: 'info',
  label: 'PH',
  timestamp: '2023-07-25T12:33:53.295Z'
}
{
  message: 'Example app listening on port 5000',
  level: 'info',
  label: 'PH',
  timestamp: '2023-07-25T12:33:53.340Z'
}
