{
  message: 'database is connected successfully',
  level: 'info',
  label: 'PH',
  timestamp: '2023-07-16T12:00:32.868Z'
}
{
  message: 'Example app listening on port 5000',
  level: 'info',
  label: 'PH',
  timestamp: '2023-07-16T12:00:32.879Z'
}
{
  message: 'database is connected successfully',
  level: 'info',
  label: 'PH',
  timestamp: '2023-07-16T12:04:43.888Z'
}
{
  message: 'Example app listening on port 5000',
  level: 'info',
  label: 'PH',
  timestamp: '2023-07-16T12:04:43.902Z'
}
