{
  message: 'database is connected successfully',
  level: 'info',
  label: 'PH',
  timestamp: '2023-09-01T00:04:34.788Z'
}
{
  message: 'Example app listening on port 5000',
  level: 'info',
  label: 'PH',
  timestamp: '2023-09-01T00:04:34.798Z'
}
{
  message: 'database is connected successfully',
  level: 'info',
  label: 'PH',
  timestamp: '2023-09-01T00:06:42.558Z'
}
{
  message: 'Example app listening on port 5000',
  level: 'info',
  label: 'PH',
  timestamp: '2023-09-01T00:06:42.568Z'
}
{
  message: 'database is connected successfully',
  level: 'info',
  label: 'PH',
  timestamp: '2023-09-01T00:12:04.255Z'
}
{
  message: 'Example app listening on port 5000',
  level: 'info',
  label: 'PH',
  timestamp: '2023-09-01T00:12:04.274Z'
}
{
  message: 'database is connected successfully',
  level: 'info',
  label: 'PH',
  timestamp: '2023-09-01T00:14:00.380Z'
}
{
  message: 'Example app listening on port 5000',
  level: 'info',
  label: 'PH',
  timestamp: '2023-09-01T00:14:00.418Z'
}
{
  message: 'database is connected successfully',
  level: 'info',
  label: 'PH',
  timestamp: '2023-09-01T00:17:49.834Z'
}
{
  message: 'Example app listening on port 5000',
  level: 'info',
  label: 'PH',
  timestamp: '2023-09-01T00:17:49.845Z'
}
{
  message: 'database is connected successfully',
  level: 'info',
  label: 'PH',
  timestamp: '2023-09-01T00:20:18.797Z'
}
{
  message: 'Example app listening on port 5000',
  level: 'info',
  label: 'PH',
  timestamp: '2023-09-01T00:20:18.820Z'
}
{
  message: 'database is connected successfully',
  level: 'info',
  label: 'PH',
  timestamp: '2023-09-01T00:21:01.726Z'
}
{
  message: 'Example app listening on port 5000',
  level: 'info',
  label: 'PH',
  timestamp: '2023-09-01T00:21:01.748Z'
}
{
  message: 'database is connected successfully',
  level: 'info',
  label: 'PH',
  timestamp: '2023-09-01T00:21:31.837Z'
}
{
  message: 'Example app listening on port 5000',
  level: 'info',
  label: 'PH',
  timestamp: '2023-09-01T00:21:31.855Z'
}
{
  message: 'database is connected successfully',
  level: 'info',
  label: 'PH',
  timestamp: '2023-09-01T00:26:02.580Z'
}
{
  message: 'Example app listening on port 5000',
  level: 'info',
  label: 'PH',
  timestamp: '2023-09-01T00:26:02.605Z'
}
{
  message: 'database is connected successfully',
  level: 'info',
  label: 'PH',
  timestamp: '2023-09-01T00:28:11.368Z'
}
{
  message: 'Example app listening on port 5000',
  level: 'info',
  label: 'PH',
  timestamp: '2023-09-01T00:28:11.392Z'
}
{
  message: 'database is connected successfully',
  level: 'info',
  label: 'PH',
  timestamp: '2023-09-01T00:37:17.632Z'
}
{
  message: 'Example app listening on port 5000',
  level: 'info',
  label: 'PH',
  timestamp: '2023-09-01T00:37:17.642Z'
}
{
  message: 'database is connected successfully',
  level: 'info',
  label: 'PH',
  timestamp: '2023-09-01T00:39:21.764Z'
}
{
  message: 'Example app listening on port 5000',
  level: 'info',
  label: 'PH',
  timestamp: '2023-09-01T00:39:21.789Z'
}
{
  message: 'database is connected successfully',
  level: 'info',
  label: 'PH',
  timestamp: '2023-09-01T00:42:04.137Z'
}
{
  message: 'Example app listening on port 5000',
  level: 'info',
  label: 'PH',
  timestamp: '2023-09-01T00:42:04.167Z'
}
{
  message: 'database is connected successfully',
  level: 'info',
  label: 'PH',
  timestamp: '2023-09-01T00:43:04.892Z'
}
{
  message: 'Example app listening on port 5000',
  level: 'info',
  label: 'PH',
  timestamp: '2023-09-01T00:43:04.902Z'
}
{
  message: 'database is connected successfully',
  level: 'info',
  label: 'PH',
  timestamp: '2023-09-01T00:44:07.014Z'
}
{
  message: 'Example app listening on port 5000',
  level: 'info',
  label: 'PH',
  timestamp: '2023-09-01T00:44:07.027Z'
}
{
  message: 'database is connected successfully',
  level: 'info',
  label: 'PH',
  timestamp: '2023-09-01T00:45:02.715Z'
}
{
  message: 'Example app listening on port 5000',
  level: 'info',
  label: 'PH',
  timestamp: '2023-09-01T00:45:02.733Z'
}
{
  message: 'database is connected successfully',
  level: 'info',
  label: 'PH',
  timestamp: '2023-09-01T00:46:01.619Z'
}
{
  message: 'Example app listening on port 5000',
  level: 'info',
  label: 'PH',
  timestamp: '2023-09-01T00:46:01.631Z'
}
{
  message: 'database is connected successfully',
  level: 'info',
  label: 'PH',
  timestamp: '2023-09-01T00:46:34.198Z'
}
{
  message: 'Example app listening on port 5000',
  level: 'info',
  label: 'PH',
  timestamp: '2023-09-01T00:46:34.220Z'
}
{
  message: 'database is connected successfully',
  level: 'info',
  label: 'PH',
  timestamp: '2023-09-01T00:47:34.865Z'
}
{
  message: 'Example app listening on port 5000',
  level: 'info',
  label: 'PH',
  timestamp: '2023-09-01T00:47:34.894Z'
}
{
  message: 'database is connected successfully',
  level: 'info',
  label: 'PH',
  timestamp: '2023-09-01T00:54:08.790Z'
}
{
  message: 'Example app listening on port 5000',
  level: 'info',
  label: 'PH',
  timestamp: '2023-09-01T00:54:08.815Z'
}
{
  message: 'database is connected successfully',
  level: 'info',
  label: 'PH',
  timestamp: '2023-09-01T00:56:19.885Z'
}
{
  message: 'Example app listening on port 5000',
  level: 'info',
  label: 'PH',
  timestamp: '2023-09-01T00:56:19.903Z'
}
{
  message: 'database is connected successfully',
  level: 'info',
  label: 'PH',
  timestamp: '2023-09-01T00:57:48.905Z'
}
{
  message: 'Example app listening on port 5000',
  level: 'info',
  label: 'PH',
  timestamp: '2023-09-01T00:57:48.936Z'
}
