{
  message: 'database is connected successfully',
  level: 'info',
  label: 'PH',
  timestamp: '2023-08-29T11:59:07.062Z'
}
{
  message: 'Example app listening on port 5000',
  level: 'info',
  label: 'PH',
  timestamp: '2023-08-29T11:59:07.084Z'
}
{
  message: 'database is connected successfully',
  level: 'info',
  label: 'PH',
  timestamp: '2023-08-29T11:59:27.657Z'
}
{
  message: 'Example app listening on port 5000',
  level: 'info',
  label: 'PH',
  timestamp: '2023-08-29T11:59:27.693Z'
}
{
  message: 'database is connected successfully',
  level: 'info',
  label: 'PH',
  timestamp: '2023-08-29T11:59:41.800Z'
}
{
  message: 'Example app listening on port 5000',
  level: 'info',
  label: 'PH',
  timestamp: '2023-08-29T11:59:41.819Z'
}
