{
  message: 'database is connected successfully',
  level: 'info',
  label: 'PH',
  timestamp: '2023-07-17T03:06:05.814Z'
}
{
  message: 'Example app listening on port 5000',
  level: 'info',
  label: 'PH',
  timestamp: '2023-07-17T03:06:05.823Z'
}
{
  message: 'database is connected successfully',
  level: 'info',
  label: 'PH',
  timestamp: '2023-07-17T03:06:55.830Z'
}
{
  message: 'Example app listening on port 5000',
  level: 'info',
  label: 'PH',
  timestamp: '2023-07-17T03:06:55.840Z'
}
{
  message: 'database is connected successfully',
  level: 'info',
  label: 'PH',
  timestamp: '2023-07-17T03:24:32.239Z'
}
{
  message: 'Example app listening on port 5000',
  level: 'info',
  label: 'PH',
  timestamp: '2023-07-17T03:24:32.248Z'
}
{
  message: 'database is connected successfully',
  level: 'info',
  label: 'PH',
  timestamp: '2023-07-17T03:25:49.090Z'
}
{
  message: 'Example app listening on port 5000',
  level: 'info',
  label: 'PH',
  timestamp: '2023-07-17T03:25:49.104Z'
}
{
  message: 'database is connected successfully',
  level: 'info',
  label: 'PH',
  timestamp: '2023-07-17T03:26:04.732Z'
}
{
  message: 'Example app listening on port 5000',
  level: 'info',
  label: 'PH',
  timestamp: '2023-07-17T03:26:04.740Z'
}
{
  message: 'database is connected successfully',
  level: 'info',
  label: 'PH',
  timestamp: '2023-07-17T03:27:58.848Z'
}
{
  message: 'Example app listening on port 5000',
  level: 'info',
  label: 'PH',
  timestamp: '2023-07-17T03:27:58.857Z'
}
