{
  message: 'database is connected successfully',
  level: 'info',
  label: 'PH',
  timestamp: '2023-08-13T06:05:48.595Z'
}
{
  message: 'Example app listening on port 5000',
  level: 'info',
  label: 'PH',
  timestamp: '2023-08-13T06:05:48.645Z'
}
{
  message: 'database is connected successfully',
  level: 'info',
  label: 'PH',
  timestamp: '2023-08-13T06:12:55.578Z'
}
{
  message: 'Example app listening on port 5000',
  level: 'info',
  label: 'PH',
  timestamp: '2023-08-13T06:12:55.602Z'
}
{
  message: 'database is connected successfully',
  level: 'info',
  label: 'PH',
  timestamp: '2023-08-13T06:15:06.720Z'
}
{
  message: 'Example app listening on port 5000',
  level: 'info',
  label: 'PH',
  timestamp: '2023-08-13T06:15:06.734Z'
}
{
  message: 'database is connected successfully',
  level: 'info',
  label: 'PH',
  timestamp: '2023-08-13T06:29:28.515Z'
}
{
  message: 'Example app listening on port 5000',
  level: 'info',
  label: 'PH',
  timestamp: '2023-08-13T06:29:28.580Z'
}
{
  message: 'database is connected successfully',
  level: 'info',
  label: 'PH',
  timestamp: '2023-08-13T06:31:13.855Z'
}
{
  message: 'Example app listening on port 5000',
  level: 'info',
  label: 'PH',
  timestamp: '2023-08-13T06:31:13.879Z'
}
{
  message: 'database is connected successfully',
  level: 'info',
  label: 'PH',
  timestamp: '2023-08-13T06:31:46.825Z'
}
{
  message: 'Example app listening on port 5000',
  level: 'info',
  label: 'PH',
  timestamp: '2023-08-13T06:31:46.843Z'
}
{
  message: 'database is connected successfully',
  level: 'info',
  label: 'PH',
  timestamp: '2023-08-13T06:35:49.827Z'
}
{
  message: 'Example app listening on port 5000',
  level: 'info',
  label: 'PH',
  timestamp: '2023-08-13T06:35:49.850Z'
}
