{
  issues: [
    {
      received: 'Falli',
      code: 'invalid_enum_value',
      options: [ 'Autumn', 'Summer', 'Fall' ],
      path: [ 'body', 'title' ],
      message: "Invalid enum value. Expected 'Autumn' | 'Summer' | 'Fall', received 'Falli'"
    }
  ],
  addIssue: [Function (anonymous)],
  addIssues: [Function (anonymous)],
  name: 'ZodError',
  level: 'error',
  message: 'globalErrorHandler [\n' +
    '  {\n' +
    '    "received": "Falli",\n' +
    '    "code": "invalid_enum_value",\n' +
    '    "options": [\n' +
    '      "Autumn",\n' +
    '      "Summer",\n' +
    '      "Fall"\n' +
    '    ],\n' +
    '    "path": [\n' +
    '      "body",\n' +
    '      "title"\n' +
    '    ],\n' +
    `    "message": "Invalid enum value. Expected 'Autumn' | 'Summer' | 'Fall', received 'Falli'"\n` +
    '  }\n' +
    ']',
  stack: 'ZodError: [\n' +
    '  {\n' +
    '    "received": "Falli",\n' +
    '    "code": "invalid_enum_value",\n' +
    '    "options": [\n' +
    '      "Autumn",\n' +
    '      "Summer",\n' +
    '      "Fall"\n' +
    '    ],\n' +
    '    "path": [\n' +
    '      "body",\n' +
    '      "title"\n' +
    '    ],\n' +
    `    "message": "Invalid enum value. Expected 'Autumn' | 'Summer' | 'Fall', received 'Falli'"\n` +
    '  }\n' +
    ']\n' +
    '    at Object.get error [as error] (E:\\Level-2.0\\Class\\university-management\\node_modules\\zod\\lib\\types.js:43:31)\n' +
    '    at ZodObject.parseAsync (E:\\Level-2.0\\Class\\university-management\\node_modules\\zod\\lib\\types.js:164:22)\n' +
    '    at processTicksAndRejections (node:internal/process/task_queues:95:5)',
  label: 'PH',
  timestamp: '2023-07-16T18:21:20.709Z'
}
