{
  issues: [
    {
      code: 'custom',
      message: 'Either both title and code should be provided or neither',
      path: []
    }
  ],
  addIssue: [Function (anonymous)],
  addIssues: [Function (anonymous)],
  name: 'ZodError',
  level: 'error',
  message: 'globalErrorHandler [\n' +
    '  {\n' +
    '    "code": "custom",\n' +
    '    "message": "Either both title and code should be provided or neither",\n' +
    '    "path": []\n' +
    '  }\n' +
    ']',
  stack: 'ZodError: [\n' +
    '  {\n' +
    '    "code": "custom",\n' +
    '    "message": "Either both title and code should be provided or neither",\n' +
    '    "path": []\n' +
    '  }\n' +
    ']\n' +
    '    at Object.get error [as error] (E:\\Level-2.0\\Class\\university-management\\node_modules\\zod\\lib\\types.js:43:31)\n' +
    '    at ZodEffects.parseAsync (E:\\Level-2.0\\Class\\university-management\\node_modules\\zod\\lib\\types.js:164:22)\n' +
    '    at processTicksAndRejections (node:internal/process/task_queues:95:5)',
  label: 'PH',
  timestamp: '2023-07-23T01:21:30.685Z'
}
{
  statusCode: 400,
  level: 'error',
  message: 'globalErrorHandler Invalid Semester code',
  stack: 'Error: Invalid Semester code\n' +
    '    at E:\\Level-2.0\\Class\\university-management\\src\\app\\modules\\academicSemester\\academicSemester.service.ts:128:11\n' +
    '    at Generator.next (<anonymous>)\n' +
    '    at E:\\Level-2.0\\Class\\university-management\\src\\app\\modules\\academicSemester\\academicSemester.service.ts:8:71\n' +
    '    at new Promise (<anonymous>)\n' +
    '    at __awaiter (E:\\Level-2.0\\Class\\university-management\\src\\app\\modules\\academicSemester\\academicSemester.service.ts:4:12)\n' +
    '    at Object.updateSemester (E:\\Level-2.0\\Class\\university-management\\src\\app\\modules\\academicSemester\\academicSemester.service.ts:121:40)\n' +
    '    at E:\\Level-2.0\\Class\\university-management\\src\\app\\modules\\academicSemester\\academicSemester.controller.ts:88:48\n' +
    '    at Generator.next (<anonymous>)\n' +
    '    at E:\\Level-2.0\\Class\\university-management\\src\\app\\modules\\academicSemester\\academicSemester.controller.ts:8:71\n' +
    '    at new Promise (<anonymous>)',
  label: 'PH',
  timestamp: '2023-07-23T01:25:49.830Z'
}
