{
  stringValue: '"64ba78f5cd559849a7a62692k"',
  messageFormat: undefined,
  kind: 'ObjectId',
  value: '64ba78f5cd559849a7a62692k',
  path: '_id',
  reason: BSONError: Argument passed in must be a string of 12 bytes or a string of 24 hex characters or an integer
      at new ObjectId (E:\Level-2.0\Class\university-management\node_modules\bson\src\objectid.ts:88:15)
      at castObjectId (E:\Level-2.0\Class\university-management\node_modules\mongoose\lib\cast\objectid.js:25:12)
      at ObjectId.cast (E:\Level-2.0\Class\university-management\node_modules\mongoose\lib\schema\objectid.js:246:12)
      at ObjectId.SchemaType.applySetters (E:\Level-2.0\Class\university-management\node_modules\mongoose\lib\schematype.js:1204:12)
      at ObjectId.SchemaType.castForQuery (E:\Level-2.0\Class\university-management\node_modules\mongoose\lib\schematype.js:1616:15)
      at cast (E:\Level-2.0\Class\university-management\node_modules\mongoose\lib\cast.js:356:32)
      at model.Query.Query.cast (E:\Level-2.0\Class\university-management\node_modules\mongoose\lib\query.js:4886:12)
      at model.Query.Query._castConditions (E:\Level-2.0\Class\university-management\node_modules\mongoose\lib\query.js:2210:10)
      at model.Query._findOne (E:\Level-2.0\Class\university-management\node_modules\mongoose\lib\query.js:2497:8)
      at model.Query.exec (E:\Level-2.0\Class\university-management\node_modules\mongoose\lib\query.js:4405:28),
  valueType: 'string',
  model: Model { AcademicSemester },
  level: 'error',
  message: 'globalErrorHandler Cast to ObjectId failed for value "64ba78f5cd559849a7a62692k" (type string) at path "_id" for model "AcademicSemester"',
  stack: 'CastError: Cast to ObjectId failed for value "64ba78f5cd559849a7a62692k" (type string) at path "_id" for model "AcademicSemester"\n' +
    '    at ObjectId.cast (E:\\Level-2.0\\Class\\university-management\\node_modules\\mongoose\\lib\\schema\\objectid.js:248:11)\n' +
    '    at ObjectId.SchemaType.applySetters (E:\\Level-2.0\\Class\\university-management\\node_modules\\mongoose\\lib\\schematype.js:1204:12)\n' +
    '    at ObjectId.SchemaType.castForQuery (E:\\Level-2.0\\Class\\university-management\\node_modules\\mongoose\\lib\\schematype.js:1616:15)\n' +
    '    at cast (E:\\Level-2.0\\Class\\university-management\\node_modules\\mongoose\\lib\\cast.js:356:32)\n' +
    '    at model.Query.Query.cast (E:\\Level-2.0\\Class\\university-management\\node_modules\\mongoose\\lib\\query.js:4886:12)\n' +
    '    at model.Query.Query._castConditions (E:\\Level-2.0\\Class\\university-management\\node_modules\\mongoose\\lib\\query.js:2210:10)\n' +
    '    at model.Query._findOne (E:\\Level-2.0\\Class\\university-management\\node_modules\\mongoose\\lib\\query.js:2497:8)\n' +
    '    at model.Query.exec (E:\\Level-2.0\\Class\\university-management\\node_modules\\mongoose\\lib\\query.js:4405:28)\n' +
    '    at processTicksAndRejections (node:internal/process/task_queues:95:5)',
  label: 'PH',
  timestamp: '2023-07-22T18:35:17.096Z'
}
