{
  statusCode: 400,
  level: 'error',
  message: 'globalErrorHandler Invalid Semester code',
  stack: 'Error: Invalid Semester code\n' +
    '    at E:\\Level-2.0\\Class\\university-management\\src\\app\\modules\\academicSemester\\academicSemester.service.ts:12:11\n' +
    '    at Generator.next (<anonymous>)\n' +
    '    at E:\\Level-2.0\\Class\\university-management\\src\\app\\modules\\academicSemester\\academicSemester.service.ts:8:71\n' +
    '    at new Promise (<anonymous>)\n' +
    '    at __awaiter (E:\\Level-2.0\\Class\\university-management\\src\\app\\modules\\academicSemester\\academicSemester.service.ts:4:12)\n' +
    '    at Object.createSemester (E:\\Level-2.0\\Class\\university-management\\src\\app\\modules\\academicSemester\\academicSemester.service.ts:9:33)\n' +
    '    at E:\\Level-2.0\\Class\\university-management\\src\\app\\modules\\academicSemester\\academicSemester.controller.ts:7:50\n' +
    '    at Generator.next (<anonymous>)\n' +
    '    at E:\\Level-2.0\\Class\\university-management\\src\\app\\modules\\academicSemester\\academicSemester.controller.ts:8:71\n' +
    '    at new Promise (<anonymous>)',
  label: 'PH',
  timestamp: '2023-07-17T01:47:17.179Z'
}
{
  statusCode: 400,
  level: 'error',
  message: 'globalErrorHandler Invalid Semester code',
  stack: 'Error: Invalid Semester code\n' +
    '    at E:\\Level-2.0\\Class\\university-management\\src\\app\\modules\\academicSemester\\academicSemester.service.ts:12:11\n' +
    '    at Generator.next (<anonymous>)\n' +
    '    at E:\\Level-2.0\\Class\\university-management\\src\\app\\modules\\academicSemester\\academicSemester.service.ts:8:71\n' +
    '    at new Promise (<anonymous>)\n' +
    '    at __awaiter (E:\\Level-2.0\\Class\\university-management\\src\\app\\modules\\academicSemester\\academicSemester.service.ts:4:12)\n' +
    '    at Object.createSemester (E:\\Level-2.0\\Class\\university-management\\src\\app\\modules\\academicSemester\\academicSemester.service.ts:9:33)\n' +
    '    at E:\\Level-2.0\\Class\\university-management\\src\\app\\modules\\academicSemester\\academicSemester.controller.ts:7:50\n' +
    '    at Generator.next (<anonymous>)\n' +
    '    at E:\\Level-2.0\\Class\\university-management\\src\\app\\modules\\academicSemester\\academicSemester.controller.ts:8:71\n' +
    '    at new Promise (<anonymous>)',
  label: 'PH',
  timestamp: '2023-07-17T01:47:28.212Z'
}
{
  statusCode: 409,
  level: 'error',
  message: 'globalErrorHandler Academic Semester is Already Exist',
  stack: 'Error: Academic Semester is Already Exist\n' +
    '    at model.<anonymous> (E:\\Level-2.0\\Class\\university-management\\src\\app\\modules\\academicSemester\\academicSemester.model.ts:54:11)\n' +
    '    at Generator.next (<anonymous>)\n' +
    '    at fulfilled (E:\\Level-2.0\\Class\\university-management\\src\\app\\modules\\academicSemester\\academicSemester.model.ts:5:58)\n' +
    '    at processTicksAndRejections (node:internal/process/task_queues:95:5)',
  label: 'PH',
  timestamp: '2023-07-17T01:47:42.710Z'
}
