{
  errno: undefined,
  code: 'ETIMEOUT',
  syscall: 'querySrv',
  hostname: '_mongodb._tcp.cluster0.bmyfd.mongodb.net',
  level: 'error',
  message: 'failed to database connect querySrv ETIMEOUT _mongodb._tcp.cluster0.bmyfd.mongodb.net',
  stack: 'Error: querySrv ETIMEOUT _mongodb._tcp.cluster0.bmyfd.mongodb.net\n' +
    '    at QueryReqWrap.onresolve [as oncomplete] (node:internal/dns/promises:251:17)',
  label: 'PH',
  timestamp: '2023-08-13T06:16:56.351Z'
}
{
  errno: undefined,
  code: 'ETIMEOUT',
  syscall: 'querySrv',
  hostname: '_mongodb._tcp.cluster0.bmyfd.mongodb.net',
  level: 'error',
  message: 'failed to database connect querySrv ETIMEOUT _mongodb._tcp.cluster0.bmyfd.mongodb.net',
  stack: 'Error: querySrv ETIMEOUT _mongodb._tcp.cluster0.bmyfd.mongodb.net\n' +
    '    at QueryReqWrap.onresolve [as oncomplete] (node:internal/dns/promises:251:17)',
  label: 'PH',
  timestamp: '2023-08-13T06:18:42.169Z'
}
